Invalid HTTP_HOST header: 'teacher-month-acne-gdp.trycloudflare.com'. You may need to add 'teacher-month-acne-gdp.trycloudflare.com' to ALLOWED_HOSTS.
Traceback (most recent call last):
  File "E:\hitu4\lib\site-packages\django\core\handlers\exception.py", line 55, in inner
    response = get_response(request)
  File "E:\hitu4\lib\site-packages\django\utils\deprecation.py", line 119, in __call__
    response = self.process_request(request)
  File "E:\hitu4\lib\site-packages\django\middleware\common.py", line 48, in process_request
    host = request.get_host()
  File "E:\hitu4\lib\site-packages\django\http\request.py", line 186, in get_host
    raise DisallowedHost(msg)
django.core.exceptions.DisallowedHost: Invalid HTTP_HOST header: 'teacher-month-acne-gdp.trycloudflare.com'. You may need to add 'teacher-month-acne-gdp.trycloudflare.com' to ALLOWED_HOSTS.
Invalid HTTP_HOST header: 'teacher-month-acne-gdp.trycloudflare.com'. You may need to add 'teacher-month-acne-gdp.trycloudflare.com' to ALLOWED_HOSTS.
Traceback (most recent call last):
  File "E:\hitu4\lib\site-packages\django\core\handlers\exception.py", line 55, in inner
    response = get_response(request)
  File "E:\hitu4\lib\site-packages\django\utils\deprecation.py", line 119, in __call__
    response = self.process_request(request)
  File "E:\hitu4\lib\site-packages\django\middleware\common.py", line 48, in process_request
    host = request.get_host()
  File "E:\hitu4\lib\site-packages\django\http\request.py", line 186, in get_host
    raise DisallowedHost(msg)
django.core.exceptions.DisallowedHost: Invalid HTTP_HOST header: 'teacher-month-acne-gdp.trycloudflare.com'. You may need to add 'teacher-month-acne-gdp.trycloudflare.com' to ALLOWED_HOSTS.
Invalid HTTP_HOST header: 'teacher-month-acne-gdp.trycloudflare.com'. You may need to add 'teacher-month-acne-gdp.trycloudflare.com' to ALLOWED_HOSTS.
Traceback (most recent call last):
  File "E:\hitu4\lib\site-packages\django\core\handlers\exception.py", line 55, in inner
    response = get_response(request)
  File "E:\hitu4\lib\site-packages\django\utils\deprecation.py", line 119, in __call__
    response = self.process_request(request)
  File "E:\hitu4\lib\site-packages\django\middleware\common.py", line 48, in process_request
    host = request.get_host()
  File "E:\hitu4\lib\site-packages\django\http\request.py", line 186, in get_host
    raise DisallowedHost(msg)
django.core.exceptions.DisallowedHost: Invalid HTTP_HOST header: 'teacher-month-acne-gdp.trycloudflare.com'. You may need to add 'teacher-month-acne-gdp.trycloudflare.com' to ALLOWED_HOSTS.
Invalid HTTP_HOST header: 'teacher-month-acne-gdp.trycloudflare.com'. You may need to add 'teacher-month-acne-gdp.trycloudflare.com' to ALLOWED_HOSTS.
Traceback (most recent call last):
  File "E:\hitu4\lib\site-packages\django\core\handlers\exception.py", line 55, in inner
    response = get_response(request)
  File "E:\hitu4\lib\site-packages\django\utils\deprecation.py", line 119, in __call__
    response = self.process_request(request)
  File "E:\hitu4\lib\site-packages\django\middleware\common.py", line 48, in process_request
    host = request.get_host()
  File "E:\hitu4\lib\site-packages\django\http\request.py", line 186, in get_host
    raise DisallowedHost(msg)
django.core.exceptions.DisallowedHost: Invalid HTTP_HOST header: 'teacher-month-acne-gdp.trycloudflare.com'. You may need to add 'teacher-month-acne-gdp.trycloudflare.com' to ALLOWED_HOSTS.
Invalid HTTP_HOST header: 'primarily-lookup-diana-seem.trycloudflare.com'. You may need to add 'primarily-lookup-diana-seem.trycloudflare.com' to ALLOWED_HOSTS.
Traceback (most recent call last):
  File "E:\hitu4\lib\site-packages\django\core\handlers\exception.py", line 55, in inner
    response = get_response(request)
  File "E:\hitu4\lib\site-packages\django\utils\deprecation.py", line 119, in __call__
    response = self.process_request(request)
  File "E:\hitu4\lib\site-packages\django\middleware\common.py", line 48, in process_request
    host = request.get_host()
  File "E:\hitu4\lib\site-packages\django\http\request.py", line 186, in get_host
    raise DisallowedHost(msg)
django.core.exceptions.DisallowedHost: Invalid HTTP_HOST header: 'primarily-lookup-diana-seem.trycloudflare.com'. You may need to add 'primarily-lookup-diana-seem.trycloudflare.com' to ALLOWED_HOSTS.
Invalid HTTP_HOST header: 'primarily-lookup-diana-seem.trycloudflare.com'. You may need to add 'primarily-lookup-diana-seem.trycloudflare.com' to ALLOWED_HOSTS.
Traceback (most recent call last):
  File "E:\hitu4\lib\site-packages\django\core\handlers\exception.py", line 55, in inner
    response = get_response(request)
  File "E:\hitu4\lib\site-packages\django\utils\deprecation.py", line 119, in __call__
    response = self.process_request(request)
  File "E:\hitu4\lib\site-packages\django\middleware\common.py", line 48, in process_request
    host = request.get_host()
  File "E:\hitu4\lib\site-packages\django\http\request.py", line 186, in get_host
    raise DisallowedHost(msg)
django.core.exceptions.DisallowedHost: Invalid HTTP_HOST header: 'primarily-lookup-diana-seem.trycloudflare.com'. You may need to add 'primarily-lookup-diana-seem.trycloudflare.com' to ALLOWED_HOSTS.
Invalid HTTP_HOST header: 'primarily-lookup-diana-seem.trycloudflare.com'. You may need to add 'primarily-lookup-diana-seem.trycloudflare.com' to ALLOWED_HOSTS.
Traceback (most recent call last):
  File "E:\hitu4\lib\site-packages\django\core\handlers\exception.py", line 55, in inner
    response = get_response(request)
  File "E:\hitu4\lib\site-packages\django\utils\deprecation.py", line 119, in __call__
    response = self.process_request(request)
  File "E:\hitu4\lib\site-packages\django\middleware\common.py", line 48, in process_request
    host = request.get_host()
  File "E:\hitu4\lib\site-packages\django\http\request.py", line 186, in get_host
    raise DisallowedHost(msg)
django.core.exceptions.DisallowedHost: Invalid HTTP_HOST header: 'primarily-lookup-diana-seem.trycloudflare.com'. You may need to add 'primarily-lookup-diana-seem.trycloudflare.com' to ALLOWED_HOSTS.
Invalid HTTP_HOST header: '0.0.0.0:8000'. You may need to add '0.0.0.0' to ALLOWED_HOSTS.
Traceback (most recent call last):
  File "E:\hitu4\lib\site-packages\django\core\handlers\exception.py", line 55, in inner
    response = get_response(request)
  File "E:\hitu4\lib\site-packages\django\utils\deprecation.py", line 119, in __call__
    response = self.process_request(request)
  File "E:\hitu4\lib\site-packages\django\middleware\common.py", line 48, in process_request
    host = request.get_host()
  File "E:\hitu4\lib\site-packages\django\http\request.py", line 186, in get_host
    raise DisallowedHost(msg)
django.core.exceptions.DisallowedHost: Invalid HTTP_HOST header: '0.0.0.0:8000'. You may need to add '0.0.0.0' to ALLOWED_HOSTS.
Invalid HTTP_HOST header: 'mar-visiting-speaking-disclaimers.trycloudflare.com'. You may need to add 'mar-visiting-speaking-disclaimers.trycloudflare.com' to ALLOWED_HOSTS.
Traceback (most recent call last):
  File "E:\hitu4\lib\site-packages\django\core\handlers\exception.py", line 55, in inner
    response = get_response(request)
  File "E:\hitu4\lib\site-packages\django\utils\deprecation.py", line 119, in __call__
    response = self.process_request(request)
  File "E:\hitu4\lib\site-packages\django\middleware\common.py", line 48, in process_request
    host = request.get_host()
  File "E:\hitu4\lib\site-packages\django\http\request.py", line 186, in get_host
    raise DisallowedHost(msg)
django.core.exceptions.DisallowedHost: Invalid HTTP_HOST header: 'mar-visiting-speaking-disclaimers.trycloudflare.com'. You may need to add 'mar-visiting-speaking-disclaimers.trycloudflare.com' to ALLOWED_HOSTS.
